<?xml version="1.0" encoding="UTF-8"?>
<testsuite name="com.example.bot.spring.WebAppDBEngineTester" tests="1" skipped="0" failures="0" errors="0" timestamp="2017-11-19T18:26:44" hostname="songjiuwus-MacBook-Pro.local" time="10.294">
  <properties/>
  <testcase name="tester" classname="com.example.bot.spring.WebAppDBEngineTester" time="10.294"/>
  <system-out><![CDATA[2017-11-20 02:26:34.134  INFO 9902 --- [    Test worker] .b.t.c.SpringBootTestContextBootstrapper : Neither @ContextConfiguration nor @ContextHierarchy found for test class [com.example.bot.spring.WebAppDBEngineTester], using SpringBootContextLoader
2017-11-20 02:26:34.135  INFO 9902 --- [    Test worker] o.s.t.c.support.AbstractContextLoader    : Could not detect default resource locations for test class [com.example.bot.spring.WebAppDBEngineTester]: no resource found for suffixes {-context.xml, Context.groovy}.
2017-11-20 02:26:34.141  INFO 9902 --- [    Test worker] .b.t.c.SpringBootTestContextBootstrapper : Loaded default TestExecutionListener class names from location [META-INF/spring.factories]: [org.springframework.boot.test.mock.mockito.MockitoTestExecutionListener, org.springframework.boot.test.mock.mockito.ResetMocksTestExecutionListener, org.springframework.boot.test.autoconfigure.restdocs.RestDocsTestExecutionListener, org.springframework.boot.test.autoconfigure.web.client.MockRestServiceServerResetTestExecutionListener, org.springframework.boot.test.autoconfigure.web.servlet.MockMvcPrintOnlyOnFailureTestExecutionListener, org.springframework.boot.test.autoconfigure.web.servlet.WebDriverTestExecutionListener, org.springframework.test.context.web.ServletTestExecutionListener, org.springframework.test.context.support.DirtiesContextBeforeModesTestExecutionListener, org.springframework.test.context.support.DependencyInjectionTestExecutionListener, org.springframework.test.context.support.DirtiesContextTestExecutionListener, org.springframework.test.context.transaction.TransactionalTestExecutionListener, org.springframework.test.context.jdbc.SqlScriptsTestExecutionListener]
2017-11-20 02:26:34.144  INFO 9902 --- [    Test worker] .b.t.c.SpringBootTestContextBootstrapper : Could not instantiate TestExecutionListener [org.springframework.test.context.transaction.TransactionalTestExecutionListener]. Specify custom listener classes or make the default listener classes (and their required dependencies) available. Offending class: [org/springframework/transaction/interceptor/TransactionAttributeSource]
2017-11-20 02:26:34.145  INFO 9902 --- [    Test worker] .b.t.c.SpringBootTestContextBootstrapper : Could not instantiate TestExecutionListener [org.springframework.test.context.jdbc.SqlScriptsTestExecutionListener]. Specify custom listener classes or make the default listener classes (and their required dependencies) available. Offending class: [org/springframework/transaction/interceptor/TransactionAttribute]
2017-11-20 02:26:34.146  INFO 9902 --- [    Test worker] .b.t.c.SpringBootTestContextBootstrapper : Using TestExecutionListeners: [org.springframework.test.context.web.ServletTestExecutionListener@7c73fb27, org.springframework.test.context.support.DirtiesContextBeforeModesTestExecutionListener@61d4dc7a, org.springframework.boot.test.autoconfigure.SpringBootDependencyInjectionTestExecutionListener@7bee8adf, org.springframework.test.context.support.DirtiesContextTestExecutionListener@65a62a77, org.springframework.boot.test.mock.mockito.ResetMocksTestExecutionListener@66f5f27, org.springframework.boot.test.mock.mockito.MockitoTestExecutionListener@419f749c, org.springframework.boot.test.autoconfigure.web.client.MockRestServiceServerResetTestExecutionListener@4ea8b602, org.springframework.boot.test.autoconfigure.web.servlet.MockMvcPrintOnlyOnFailureTestExecutionListener@1a89c832, org.springframework.boot.test.autoconfigure.restdocs.RestDocsTestExecutionListener@66e33a23, org.springframework.boot.test.autoconfigure.web.servlet.WebDriverTestExecutionListener@5c6289f7]

  .   ____          _            __ _ _
 /\\ / ___'_ __ _ _(_)_ __  __ _ \ \ \ \
( ( )\___ | '_ | '_| | '_ \/ _` | \ \ \ \
 \\/  ___)| |_)| | | | | || (_| |  ) ) ) )
  '  |____| .__|_| |_|_| |_\__, | / / / /
 =========|_|==============|___/=/_/_/_/
 :: Spring Boot ::        (v1.4.2.RELEASE)

2017-11-20 02:26:44.185  INFO 9902 --- [    Test worker] c.e.bot.spring.WebAppDBEngineTester      : Starting WebAppDBEngineTester on songjiuwus-MacBook-Pro.local with PID 9902 (started by jsongaf in /Users/jsongaf/Documents/GitHub/Line-chatbot-for-COMP3111/sample-spring-boot-kitchensink)
2017-11-20 02:26:44.186  INFO 9902 --- [    Test worker] c.e.bot.spring.WebAppDBEngineTester      : No active profile set, falling back to default profiles: default
2017-11-20 02:26:44.189  INFO 9902 --- [    Test worker] o.s.w.c.s.GenericWebApplicationContext   : Refreshing org.springframework.web.context.support.GenericWebApplicationContext@22c12f7c: startup date [Mon Nov 20 02:26:44 HKT 2017]; root of context hierarchy
2017-11-20 02:26:44.218  INFO 9902 --- [    Test worker] c.e.bot.spring.WebAppDBEngineTester      : Started WebAppDBEngineTester in 10.066 seconds (JVM running for 330.135)
]]></system-out>
  <system-err><![CDATA[]]></system-err>
</testsuite>
