<?xml version="1.0" encoding="UTF-8"?>
<testsuite name="com.example.bot.spring.GQTester" tests="2" skipped="0" failures="0" errors="0" timestamp="2017-11-19T18:22:21" hostname="songjiuwus-MacBook-Pro.local" time="135.874">
  <properties/>
  <testcase name="GQTesterF" classname="com.example.bot.spring.GQTester" time="55.975"/>
  <testcase name="GQTesterS" classname="com.example.bot.spring.GQTester" time="79.897"/>
  <system-out><![CDATA[2017-11-20 02:22:11.652  INFO 9902 --- [    Test worker] .b.t.c.SpringBootTestContextBootstrapper : Neither @ContextConfiguration nor @ContextHierarchy found for test class [com.example.bot.spring.GQTester], using SpringBootContextLoader
2017-11-20 02:22:11.653  INFO 9902 --- [    Test worker] o.s.t.c.support.AbstractContextLoader    : Could not detect default resource locations for test class [com.example.bot.spring.GQTester]: no resource found for suffixes {-context.xml, Context.groovy}.
2017-11-20 02:22:11.659  INFO 9902 --- [    Test worker] .b.t.c.SpringBootTestContextBootstrapper : Loaded default TestExecutionListener class names from location [META-INF/spring.factories]: [org.springframework.boot.test.mock.mockito.MockitoTestExecutionListener, org.springframework.boot.test.mock.mockito.ResetMocksTestExecutionListener, org.springframework.boot.test.autoconfigure.restdocs.RestDocsTestExecutionListener, org.springframework.boot.test.autoconfigure.web.client.MockRestServiceServerResetTestExecutionListener, org.springframework.boot.test.autoconfigure.web.servlet.MockMvcPrintOnlyOnFailureTestExecutionListener, org.springframework.boot.test.autoconfigure.web.servlet.WebDriverTestExecutionListener, org.springframework.test.context.web.ServletTestExecutionListener, org.springframework.test.context.support.DirtiesContextBeforeModesTestExecutionListener, org.springframework.test.context.support.DependencyInjectionTestExecutionListener, org.springframework.test.context.support.DirtiesContextTestExecutionListener, org.springframework.test.context.transaction.TransactionalTestExecutionListener, org.springframework.test.context.jdbc.SqlScriptsTestExecutionListener]
2017-11-20 02:22:11.662  INFO 9902 --- [    Test worker] .b.t.c.SpringBootTestContextBootstrapper : Could not instantiate TestExecutionListener [org.springframework.test.context.transaction.TransactionalTestExecutionListener]. Specify custom listener classes or make the default listener classes (and their required dependencies) available. Offending class: [org/springframework/transaction/interceptor/TransactionAttributeSource]
2017-11-20 02:22:11.663  INFO 9902 --- [    Test worker] .b.t.c.SpringBootTestContextBootstrapper : Could not instantiate TestExecutionListener [org.springframework.test.context.jdbc.SqlScriptsTestExecutionListener]. Specify custom listener classes or make the default listener classes (and their required dependencies) available. Offending class: [org/springframework/transaction/interceptor/TransactionAttribute]
2017-11-20 02:22:11.664  INFO 9902 --- [    Test worker] .b.t.c.SpringBootTestContextBootstrapper : Using TestExecutionListeners: [org.springframework.test.context.web.ServletTestExecutionListener@8fe8fbc, org.springframework.test.context.support.DirtiesContextBeforeModesTestExecutionListener@511befe3, org.springframework.boot.test.autoconfigure.SpringBootDependencyInjectionTestExecutionListener@56b3ce1d, org.springframework.test.context.support.DirtiesContextTestExecutionListener@542a4476, org.springframework.boot.test.mock.mockito.ResetMocksTestExecutionListener@2855b220, org.springframework.boot.test.mock.mockito.MockitoTestExecutionListener@26bf243e, org.springframework.boot.test.autoconfigure.web.client.MockRestServiceServerResetTestExecutionListener@6eb4d5d2, org.springframework.boot.test.autoconfigure.web.servlet.MockMvcPrintOnlyOnFailureTestExecutionListener@683b2586, org.springframework.boot.test.autoconfigure.restdocs.RestDocsTestExecutionListener@6d7a4e13, org.springframework.boot.test.autoconfigure.web.servlet.WebDriverTestExecutionListener@32bb0956]

  .   ____          _            __ _ _
 /\\ / ___'_ __ _ _(_)_ __  __ _ \ \ \ \
( ( )\___ | '_ | '_| | '_ \/ _` | \ \ \ \
 \\/  ___)| |_)| | | | | || (_| |  ) ) ) )
  '  |____| .__|_| |_|_| |_\__, | / / / /
 =========|_|==============|___/=/_/_/_/
 :: Spring Boot ::        (v1.4.2.RELEASE)

2017-11-20 02:22:21.758  INFO 9902 --- [    Test worker] com.example.bot.spring.GQTester          : Starting GQTester on songjiuwus-MacBook-Pro.local with PID 9902 (started by jsongaf in /Users/jsongaf/Documents/GitHub/Line-chatbot-for-COMP3111/sample-spring-boot-kitchensink)
2017-11-20 02:22:21.759  INFO 9902 --- [    Test worker] com.example.bot.spring.GQTester          : No active profile set, falling back to default profiles: default
2017-11-20 02:22:21.762  INFO 9902 --- [    Test worker] o.s.w.c.s.GenericWebApplicationContext   : Refreshing org.springframework.web.context.support.GenericWebApplicationContext@7e9b8220: startup date [Mon Nov 20 02:22:21 HKT 2017]; root of context hierarchy
2017-11-20 02:22:21.793  INFO 9902 --- [    Test worker] com.example.bot.spring.GQTester          : Started GQTester in 10.123 seconds (JVM running for 67.716)
h
g
how long
f
e
feature
h
 
how long 2d001 
<<|>>Shimen National Forest Tour takes 2 days.

f
.
feature of 2d001.
<<|>>These are what you can expect there:
   Shimen colorful pond * stunning red maple * Staying at Yihua Hot Spring Hotel.

h
y
how apply
<<|>>Sorry, I cannot answer your question.
]]></system-out>
  <system-err><![CDATA[SELECT * FROM classify_table WHERE 'how long' LIKE concat('%', keywords, '%')
inside rs: lable: gq current type: none
label : gq keywords: how long position: any
replacing : none with gq 'cause length
getting tid
updating tid
2D001
tag=time
SELECT * FROM classify_table WHERE 'feature' LIKE concat('%', keywords, '%')
inside rs: lable: gq current type: none
label : gq keywords: feature position: any
replacing : none with gq 'cause length
getting tid
updating tid
2D001
tag=feat
SELECT * FROM classify_table WHERE 'how long 2d001 ' LIKE concat('%', keywords, '%')
inside rs: lable: gq current type: none
label : gq keywords: how long position: any
replacing : none with gq 'cause length
getting tid
updating tid
2D001
tag=time
SELECT * FROM classify_table WHERE 'feature of 2d001.' LIKE concat('%', keywords, '%')
inside rs: lable: gq current type: none
label : gq keywords: feature position: any
replacing : none with gq 'cause length
getting tid
updating tid
2D001
tag=feat
SELECT * FROM classify_table WHERE 'how apply' LIKE concat('%', keywords, '%')
getting tid
updating tid
2D001
tag=
java.lang.Exception: No reply
	at com.example.bot.spring.textsender.GQTextSender.process(GQTextSender.java:31)
	at com.example.bot.spring.TextProcessor.classifyText(TextProcessor.java:88)
	at com.example.bot.spring.TextProcessor.processText(TextProcessor.java:133)
	at com.example.bot.spring.GQTester.GQTesterS(GQTester.java:45)
	at sun.reflect.NativeMethodAccessorImpl.invoke0(Native Method)
	at sun.reflect.NativeMethodAccessorImpl.invoke(NativeMethodAccessorImpl.java:62)
	at sun.reflect.DelegatingMethodAccessorImpl.invoke(DelegatingMethodAccessorImpl.java:43)
	at java.lang.reflect.Method.invoke(Method.java:498)
	at org.junit.runners.model.FrameworkMethod$1.runReflectiveCall(FrameworkMethod.java:50)
	at org.junit.internal.runners.model.ReflectiveCallable.run(ReflectiveCallable.java:12)
	at org.junit.runners.model.FrameworkMethod.invokeExplosively(FrameworkMethod.java:47)
	at org.junit.internal.runners.statements.InvokeMethod.evaluate(InvokeMethod.java:17)
	at org.springframework.test.context.junit4.statements.RunBeforeTestMethodCallbacks.evaluate(RunBeforeTestMethodCallbacks.java:75)
	at org.springframework.test.context.junit4.statements.RunAfterTestMethodCallbacks.evaluate(RunAfterTestMethodCallbacks.java:86)
	at org.springframework.test.context.junit4.statements.SpringRepeat.evaluate(SpringRepeat.java:84)
	at org.junit.runners.ParentRunner.runLeaf(ParentRunner.java:325)
	at org.springframework.test.context.junit4.SpringJUnit4ClassRunner.runChild(SpringJUnit4ClassRunner.java:252)
	at org.springframework.test.context.junit4.SpringJUnit4ClassRunner.runChild(SpringJUnit4ClassRunner.java:94)
	at org.junit.runners.ParentRunner$3.run(ParentRunner.java:290)
	at org.junit.runners.ParentRunner$1.schedule(ParentRunner.java:71)
	at org.junit.runners.ParentRunner.runChildren(ParentRunner.java:288)
	at org.junit.runners.ParentRunner.access$000(ParentRunner.java:58)
	at org.junit.runners.ParentRunner$2.evaluate(ParentRunner.java:268)
	at org.springframework.test.context.junit4.statements.RunBeforeTestClassCallbacks.evaluate(RunBeforeTestClassCallbacks.java:61)
	at org.springframework.test.context.junit4.statements.RunAfterTestClassCallbacks.evaluate(RunAfterTestClassCallbacks.java:70)
	at org.junit.runners.ParentRunner.run(ParentRunner.java:363)
	at org.springframework.test.context.junit4.SpringJUnit4ClassRunner.run(SpringJUnit4ClassRunner.java:191)
	at org.gradle.api.internal.tasks.testing.junit.JUnitTestClassExecuter.runTestClass(JUnitTestClassExecuter.java:114)
	at org.gradle.api.internal.tasks.testing.junit.JUnitTestClassExecuter.execute(JUnitTestClassExecuter.java:57)
	at org.gradle.api.internal.tasks.testing.junit.JUnitTestClassProcessor.processTestClass(JUnitTestClassProcessor.java:66)
	at org.gradle.api.internal.tasks.testing.SuiteTestClassProcessor.processTestClass(SuiteTestClassProcessor.java:51)
	at sun.reflect.NativeMethodAccessorImpl.invoke0(Native Method)
	at sun.reflect.NativeMethodAccessorImpl.invoke(NativeMethodAccessorImpl.java:62)
	at sun.reflect.DelegatingMethodAccessorImpl.invoke(DelegatingMethodAccessorImpl.java:43)
	at java.lang.reflect.Method.invoke(Method.java:498)
	at org.gradle.internal.dispatch.ReflectionDispatch.dispatch(ReflectionDispatch.java:35)
	at org.gradle.internal.dispatch.ReflectionDispatch.dispatch(ReflectionDispatch.java:24)
	at org.gradle.internal.dispatch.ContextClassLoaderDispatch.dispatch(ContextClassLoaderDispatch.java:32)
	at org.gradle.internal.dispatch.ProxyDispatchAdapter$DispatchingInvocationHandler.invoke(ProxyDispatchAdapter.java:93)
	at com.sun.proxy.$Proxy2.processTestClass(Unknown Source)
	at org.gradle.api.internal.tasks.testing.worker.TestWorker.processTestClass(TestWorker.java:109)
	at sun.reflect.NativeMethodAccessorImpl.invoke0(Native Method)
	at sun.reflect.NativeMethodAccessorImpl.invoke(NativeMethodAccessorImpl.java:62)
	at sun.reflect.DelegatingMethodAccessorImpl.invoke(DelegatingMethodAccessorImpl.java:43)
	at java.lang.reflect.Method.invoke(Method.java:498)
	at org.gradle.internal.dispatch.ReflectionDispatch.dispatch(ReflectionDispatch.java:35)
	at org.gradle.internal.dispatch.ReflectionDispatch.dispatch(ReflectionDispatch.java:24)
	at org.gradle.internal.remote.internal.hub.MessageHubBackedObjectConnection$DispatchWrapper.dispatch(MessageHubBackedObjectConnection.java:147)
	at org.gradle.internal.remote.internal.hub.MessageHubBackedObjectConnection$DispatchWrapper.dispatch(MessageHubBackedObjectConnection.java:129)
	at org.gradle.internal.remote.internal.hub.MessageHub$Handler.run(MessageHub.java:404)
	at org.gradle.internal.concurrent.ExecutorPolicy$CatchAndRecordFailures.onExecute(ExecutorPolicy.java:63)
	at org.gradle.internal.concurrent.StoppableExecutorImpl$1.run(StoppableExecutorImpl.java:46)
	at java.util.concurrent.ThreadPoolExecutor.runWorker(ThreadPoolExecutor.java:1149)
	at java.util.concurrent.ThreadPoolExecutor$Worker.run(ThreadPoolExecutor.java:624)
	at java.lang.Thread.run(Thread.java:748)
]]></system-err>
</testsuite>
