<?xml version="1.0" encoding="UTF-8"?>
<testsuite name="com.example.bot.spring.CancelDBEngineTest" tests="1" skipped="0" failures="0" errors="0" timestamp="2017-11-19T18:21:42" hostname="songjiuwus-MacBook-Pro.local" time="6.531">
  <properties/>
  <testcase name="tester" classname="com.example.bot.spring.CancelDBEngineTest" time="6.531"/>
  <system-out><![CDATA[2017-11-20 02:21:31.885  INFO 9902 --- [    Test worker] .b.t.c.SpringBootTestContextBootstrapper : Neither @ContextConfiguration nor @ContextHierarchy found for test class [com.example.bot.spring.CancelDBEngineTest], using SpringBootContextLoader
2017-11-20 02:21:31.886  INFO 9902 --- [    Test worker] o.s.t.c.support.AbstractContextLoader    : Could not detect default resource locations for test class [com.example.bot.spring.CancelDBEngineTest]: no resource found for suffixes {-context.xml, Context.groovy}.
2017-11-20 02:21:31.896  INFO 9902 --- [    Test worker] .b.t.c.SpringBootTestContextBootstrapper : Loaded default TestExecutionListener class names from location [META-INF/spring.factories]: [org.springframework.boot.test.mock.mockito.MockitoTestExecutionListener, org.springframework.boot.test.mock.mockito.ResetMocksTestExecutionListener, org.springframework.boot.test.autoconfigure.restdocs.RestDocsTestExecutionListener, org.springframework.boot.test.autoconfigure.web.client.MockRestServiceServerResetTestExecutionListener, org.springframework.boot.test.autoconfigure.web.servlet.MockMvcPrintOnlyOnFailureTestExecutionListener, org.springframework.boot.test.autoconfigure.web.servlet.WebDriverTestExecutionListener, org.springframework.test.context.web.ServletTestExecutionListener, org.springframework.test.context.support.DirtiesContextBeforeModesTestExecutionListener, org.springframework.test.context.support.DependencyInjectionTestExecutionListener, org.springframework.test.context.support.DirtiesContextTestExecutionListener, org.springframework.test.context.transaction.TransactionalTestExecutionListener, org.springframework.test.context.jdbc.SqlScriptsTestExecutionListener]
2017-11-20 02:21:31.899  INFO 9902 --- [    Test worker] .b.t.c.SpringBootTestContextBootstrapper : Could not instantiate TestExecutionListener [org.springframework.test.context.transaction.TransactionalTestExecutionListener]. Specify custom listener classes or make the default listener classes (and their required dependencies) available. Offending class: [org/springframework/transaction/interceptor/TransactionAttributeSource]
2017-11-20 02:21:31.900  INFO 9902 --- [    Test worker] .b.t.c.SpringBootTestContextBootstrapper : Could not instantiate TestExecutionListener [org.springframework.test.context.jdbc.SqlScriptsTestExecutionListener]. Specify custom listener classes or make the default listener classes (and their required dependencies) available. Offending class: [org/springframework/transaction/interceptor/TransactionAttribute]
2017-11-20 02:21:31.901  INFO 9902 --- [    Test worker] .b.t.c.SpringBootTestContextBootstrapper : Using TestExecutionListeners: [org.springframework.test.context.web.ServletTestExecutionListener@529fa16c, org.springframework.test.context.support.DirtiesContextBeforeModesTestExecutionListener@303700cd, org.springframework.boot.test.autoconfigure.SpringBootDependencyInjectionTestExecutionListener@3de4b5bd, org.springframework.test.context.support.DirtiesContextTestExecutionListener@1b2e1e95, org.springframework.boot.test.mock.mockito.ResetMocksTestExecutionListener@3415485d, org.springframework.boot.test.mock.mockito.MockitoTestExecutionListener@3cac077a, org.springframework.boot.test.autoconfigure.web.client.MockRestServiceServerResetTestExecutionListener@247d140f, org.springframework.boot.test.autoconfigure.web.servlet.MockMvcPrintOnlyOnFailureTestExecutionListener@4fcc6ca3, org.springframework.boot.test.autoconfigure.restdocs.RestDocsTestExecutionListener@518582a7, org.springframework.boot.test.autoconfigure.web.servlet.WebDriverTestExecutionListener@d4ed83a]

  .   ____          _            __ _ _
 /\\ / ___'_ __ _ _(_)_ __  __ _ \ \ \ \
( ( )\___ | '_ | '_| | '_ \/ _` | \ \ \ \
 \\/  ___)| |_)| | | | | || (_| |  ) ) ) )
  '  |____| .__|_| |_|_| |_\__, | / / / /
 =========|_|==============|___/=/_/_/_/
 :: Spring Boot ::        (v1.4.2.RELEASE)

2017-11-20 02:21:41.980  INFO 9902 --- [    Test worker] c.example.bot.spring.CancelDBEngineTest  : Starting CancelDBEngineTest on songjiuwus-MacBook-Pro.local with PID 9902 (started by jsongaf in /Users/jsongaf/Documents/GitHub/Line-chatbot-for-COMP3111/sample-spring-boot-kitchensink)
2017-11-20 02:21:41.980  INFO 9902 --- [    Test worker] c.example.bot.spring.CancelDBEngineTest  : No active profile set, falling back to default profiles: default
2017-11-20 02:21:41.985  INFO 9902 --- [    Test worker] o.s.w.c.s.GenericWebApplicationContext   : Refreshing org.springframework.web.context.support.GenericWebApplicationContext@7a05802: startup date [Mon Nov 20 02:21:41 HKT 2017]; root of context hierarchy
2017-11-20 02:21:42.031  INFO 9902 --- [    Test worker] c.example.bot.spring.CancelDBEngineTest  : Started CancelDBEngineTest in 10.12 seconds (JVM running for 27.955)
]]></system-out>
  <system-err><![CDATA[]]></system-err>
</testsuite>
