<?xml version="1.0" encoding="UTF-8"?>
<testsuite name="com.example.bot.spring.DBEngineTester" tests="1" skipped="0" failures="0" errors="0" timestamp="2017-11-19T18:21:58" hostname="songjiuwus-MacBook-Pro.local" time="12.89">
  <properties/>
  <testcase name="getTextTypeTester" classname="com.example.bot.spring.DBEngineTester" time="12.89"/>
  <system-out><![CDATA[2017-11-20 02:21:48.569  INFO 9902 --- [    Test worker] .b.t.c.SpringBootTestContextBootstrapper : Neither @ContextConfiguration nor @ContextHierarchy found for test class [com.example.bot.spring.DBEngineTester], using SpringBootContextLoader
2017-11-20 02:21:48.570  INFO 9902 --- [    Test worker] o.s.t.c.support.AbstractContextLoader    : Could not detect default resource locations for test class [com.example.bot.spring.DBEngineTester]: no resource found for suffixes {-context.xml, Context.groovy}.
2017-11-20 02:21:48.587  INFO 9902 --- [    Test worker] .b.t.c.SpringBootTestContextBootstrapper : Loaded default TestExecutionListener class names from location [META-INF/spring.factories]: [org.springframework.boot.test.mock.mockito.MockitoTestExecutionListener, org.springframework.boot.test.mock.mockito.ResetMocksTestExecutionListener, org.springframework.boot.test.autoconfigure.restdocs.RestDocsTestExecutionListener, org.springframework.boot.test.autoconfigure.web.client.MockRestServiceServerResetTestExecutionListener, org.springframework.boot.test.autoconfigure.web.servlet.MockMvcPrintOnlyOnFailureTestExecutionListener, org.springframework.boot.test.autoconfigure.web.servlet.WebDriverTestExecutionListener, org.springframework.test.context.web.ServletTestExecutionListener, org.springframework.test.context.support.DirtiesContextBeforeModesTestExecutionListener, org.springframework.test.context.support.DependencyInjectionTestExecutionListener, org.springframework.test.context.support.DirtiesContextTestExecutionListener, org.springframework.test.context.transaction.TransactionalTestExecutionListener, org.springframework.test.context.jdbc.SqlScriptsTestExecutionListener]
2017-11-20 02:21:48.593  INFO 9902 --- [    Test worker] .b.t.c.SpringBootTestContextBootstrapper : Could not instantiate TestExecutionListener [org.springframework.test.context.transaction.TransactionalTestExecutionListener]. Specify custom listener classes or make the default listener classes (and their required dependencies) available. Offending class: [org/springframework/transaction/interceptor/TransactionAttributeSource]
2017-11-20 02:21:48.594  INFO 9902 --- [    Test worker] .b.t.c.SpringBootTestContextBootstrapper : Could not instantiate TestExecutionListener [org.springframework.test.context.jdbc.SqlScriptsTestExecutionListener]. Specify custom listener classes or make the default listener classes (and their required dependencies) available. Offending class: [org/springframework/transaction/interceptor/TransactionAttribute]
2017-11-20 02:21:48.595  INFO 9902 --- [    Test worker] .b.t.c.SpringBootTestContextBootstrapper : Using TestExecutionListeners: [org.springframework.test.context.web.ServletTestExecutionListener@5cb612e6, org.springframework.test.context.support.DirtiesContextBeforeModesTestExecutionListener@2baf33b1, org.springframework.boot.test.autoconfigure.SpringBootDependencyInjectionTestExecutionListener@e93b900, org.springframework.test.context.support.DirtiesContextTestExecutionListener@164d16ca, org.springframework.boot.test.mock.mockito.ResetMocksTestExecutionListener@7a0017c7, org.springframework.boot.test.mock.mockito.MockitoTestExecutionListener@28e0918d, org.springframework.boot.test.autoconfigure.web.client.MockRestServiceServerResetTestExecutionListener@3ba86628, org.springframework.boot.test.autoconfigure.web.servlet.MockMvcPrintOnlyOnFailureTestExecutionListener@452dccd1, org.springframework.boot.test.autoconfigure.restdocs.RestDocsTestExecutionListener@3fe9459c, org.springframework.boot.test.autoconfigure.web.servlet.WebDriverTestExecutionListener@1329c715]

  .   ____          _            __ _ _
 /\\ / ___'_ __ _ _(_)_ __  __ _ \ \ \ \
( ( )\___ | '_ | '_| | '_ \/ _` | \ \ \ \
 \\/  ___)| |_)| | | | | || (_| |  ) ) ) )
  '  |____| .__|_| |_|_| |_\__, | / / / /
 =========|_|==============|___/=/_/_/_/
 :: Spring Boot ::        (v1.4.2.RELEASE)

2017-11-20 02:21:58.652  INFO 9902 --- [    Test worker] com.example.bot.spring.DBEngineTester    : Starting DBEngineTester on songjiuwus-MacBook-Pro.local with PID 9902 (started by jsongaf in /Users/jsongaf/Documents/GitHub/Line-chatbot-for-COMP3111/sample-spring-boot-kitchensink)
2017-11-20 02:21:58.653  INFO 9902 --- [    Test worker] com.example.bot.spring.DBEngineTester    : No active profile set, falling back to default profiles: default
2017-11-20 02:21:58.659  INFO 9902 --- [    Test worker] o.s.w.c.s.GenericWebApplicationContext   : Refreshing org.springframework.web.context.support.GenericWebApplicationContext@995a735: startup date [Mon Nov 20 02:21:58 HKT 2017]; root of context hierarchy
2017-11-20 02:21:58.710  INFO 9902 --- [    Test worker] com.example.bot.spring.DBEngineTester    : Started DBEngineTester in 10.108 seconds (JVM running for 44.633)
]]></system-out>
  <system-err><![CDATA[SELECT * FROM classify_table WHERE 'how to apply?' LIKE concat('%', keywords, '%')
inside rs: lable: gq current type: none
label : gq keywords: how to position: any
replacing : none with gq 'cause length
inside rs: lable: gq current type: gq
SELECT * FROM classify_table WHERE 'is there any other thing we need to take care' LIKE concat('%', keywords, '%')
inside rs: lable: gq current type: none
label : gq keywords: is position: front
replacing : none with gq 'cause length
SELECT * FROM classify_table WHERE 'what if the tour is cancelled?' LIKE concat('%', keywords, '%')
inside rs: lable: gq current type: none
label : gq keywords: what if position: any
replacing : none with gq 'cause length
inside rs: lable: gq current type: gq
SELECT * FROM classify_table WHERE 'can i book this trip?' LIKE concat('%', keywords, '%')
inside rs: lable: gq current type: none
label : gq keywords: is position: front
inside rs: lable: book current type: none
label : book keywords: book position: any
replacing : none with book 'cause length
SELECT * FROM classify_table WHERE 'can you recommend some trip to shenzhen' LIKE concat('%', keywords, '%')
inside rs: lable: reco current type: none
label : reco keywords: recommend position: any
replacing : none with reco 'cause length
SELECT * FROM classify_table WHERE 'some trip with good spring please' LIKE concat('%', keywords, '%')
inside rs: lable: reco current type: none
label : reco keywords: please position: end
replacing : none with reco 'cause length
]]></system-err>
</testsuite>
