<?xml version="1.0" encoding="UTF-8"?>
<testsuite name="com.example.bot.spring.UQDBEngineTester" tests="1" skipped="0" failures="0" errors="0" timestamp="2017-11-19T18:26:21" hostname="songjiuwus-MacBook-Pro.local" time="12.584">
  <properties/>
  <testcase name="AnswerTester" classname="com.example.bot.spring.UQDBEngineTester" time="12.584"/>
  <system-out><![CDATA[2017-11-20 02:26:11.471  INFO 9902 --- [    Test worker] .b.t.c.SpringBootTestContextBootstrapper : Neither @ContextConfiguration nor @ContextHierarchy found for test class [com.example.bot.spring.UQDBEngineTester], using SpringBootContextLoader
2017-11-20 02:26:11.472  INFO 9902 --- [    Test worker] o.s.t.c.support.AbstractContextLoader    : Could not detect default resource locations for test class [com.example.bot.spring.UQDBEngineTester]: no resource found for suffixes {-context.xml, Context.groovy}.
2017-11-20 02:26:11.478  INFO 9902 --- [    Test worker] .b.t.c.SpringBootTestContextBootstrapper : Loaded default TestExecutionListener class names from location [META-INF/spring.factories]: [org.springframework.boot.test.mock.mockito.MockitoTestExecutionListener, org.springframework.boot.test.mock.mockito.ResetMocksTestExecutionListener, org.springframework.boot.test.autoconfigure.restdocs.RestDocsTestExecutionListener, org.springframework.boot.test.autoconfigure.web.client.MockRestServiceServerResetTestExecutionListener, org.springframework.boot.test.autoconfigure.web.servlet.MockMvcPrintOnlyOnFailureTestExecutionListener, org.springframework.boot.test.autoconfigure.web.servlet.WebDriverTestExecutionListener, org.springframework.test.context.web.ServletTestExecutionListener, org.springframework.test.context.support.DirtiesContextBeforeModesTestExecutionListener, org.springframework.test.context.support.DependencyInjectionTestExecutionListener, org.springframework.test.context.support.DirtiesContextTestExecutionListener, org.springframework.test.context.transaction.TransactionalTestExecutionListener, org.springframework.test.context.jdbc.SqlScriptsTestExecutionListener]
2017-11-20 02:26:11.480  INFO 9902 --- [    Test worker] .b.t.c.SpringBootTestContextBootstrapper : Could not instantiate TestExecutionListener [org.springframework.test.context.transaction.TransactionalTestExecutionListener]. Specify custom listener classes or make the default listener classes (and their required dependencies) available. Offending class: [org/springframework/transaction/interceptor/TransactionAttributeSource]
2017-11-20 02:26:11.481  INFO 9902 --- [    Test worker] .b.t.c.SpringBootTestContextBootstrapper : Could not instantiate TestExecutionListener [org.springframework.test.context.jdbc.SqlScriptsTestExecutionListener]. Specify custom listener classes or make the default listener classes (and their required dependencies) available. Offending class: [org/springframework/transaction/interceptor/TransactionAttribute]
2017-11-20 02:26:11.481  INFO 9902 --- [    Test worker] .b.t.c.SpringBootTestContextBootstrapper : Using TestExecutionListeners: [org.springframework.test.context.web.ServletTestExecutionListener@5db91825, org.springframework.test.context.support.DirtiesContextBeforeModesTestExecutionListener@18c42fd4, org.springframework.boot.test.autoconfigure.SpringBootDependencyInjectionTestExecutionListener@3c8be18a, org.springframework.test.context.support.DirtiesContextTestExecutionListener@7ea5d94e, org.springframework.boot.test.mock.mockito.ResetMocksTestExecutionListener@6bc89e8f, org.springframework.boot.test.mock.mockito.MockitoTestExecutionListener@52cba6ad, org.springframework.boot.test.autoconfigure.web.client.MockRestServiceServerResetTestExecutionListener@31af8acf, org.springframework.boot.test.autoconfigure.web.servlet.MockMvcPrintOnlyOnFailureTestExecutionListener@61904a1d, org.springframework.boot.test.autoconfigure.restdocs.RestDocsTestExecutionListener@4e839c46, org.springframework.boot.test.autoconfigure.web.servlet.WebDriverTestExecutionListener@41f2a5f5]

  .   ____          _            __ _ _
 /\\ / ___'_ __ _ _(_)_ __  __ _ \ \ \ \
( ( )\___ | '_ | '_| | '_ \/ _` | \ \ \ \
 \\/  ___)| |_)| | | | | || (_| |  ) ) ) )
  '  |____| .__|_| |_|_| |_\__, | / / / /
 =========|_|==============|___/=/_/_/_/
 :: Spring Boot ::        (v1.4.2.RELEASE)

2017-11-20 02:26:21.519  INFO 9902 --- [    Test worker] com.example.bot.spring.UQDBEngineTester  : Starting UQDBEngineTester on songjiuwus-MacBook-Pro.local with PID 9902 (started by jsongaf in /Users/jsongaf/Documents/GitHub/Line-chatbot-for-COMP3111/sample-spring-boot-kitchensink)
2017-11-20 02:26:21.519  INFO 9902 --- [    Test worker] com.example.bot.spring.UQDBEngineTester  : No active profile set, falling back to default profiles: default
2017-11-20 02:26:21.522  INFO 9902 --- [    Test worker] o.s.w.c.s.GenericWebApplicationContext   : Refreshing org.springframework.web.context.support.GenericWebApplicationContext@3e1f50c0: startup date [Mon Nov 20 02:26:21 HKT 2017]; root of context hierarchy
2017-11-20 02:26:21.545  INFO 9902 --- [    Test worker] com.example.bot.spring.UQDBEngineTester  : Started UQDBEngineTester in 10.06 seconds (JVM running for 307.463)
]]></system-out>
  <system-err><![CDATA[]]></system-err>
</testsuite>
