<?xml version="1.0" encoding="UTF-8"?>
<testsuite name="com.example.bot.spring.BookingDBEngineTest" tests="1" skipped="0" failures="0" errors="0" timestamp="2017-11-19T18:21:31" hostname="songjiuwus-MacBook-Pro.local" time="0.015">
  <properties/>
  <testcase name="BookingDBETester" classname="com.example.bot.spring.BookingDBEngineTest" time="0.015"/>
  <system-out><![CDATA[02:21:20.142 [Test worker] DEBUG org.springframework.test.context.junit4.SpringJUnit4ClassRunner - SpringJUnit4ClassRunner constructor called with [class com.example.bot.spring.BookingDBEngineTest]
02:21:20.149 [Test worker] DEBUG org.springframework.test.context.BootstrapUtils - Instantiating CacheAwareContextLoaderDelegate from class [org.springframework.test.context.cache.DefaultCacheAwareContextLoaderDelegate]
02:21:20.163 [Test worker] DEBUG org.springframework.test.context.BootstrapUtils - Instantiating BootstrapContext using constructor [public org.springframework.test.context.support.DefaultBootstrapContext(java.lang.Class,org.springframework.test.context.CacheAwareContextLoaderDelegate)]
02:21:20.190 [Test worker] DEBUG org.springframework.test.context.BootstrapUtils - Instantiating TestContextBootstrapper for test class [com.example.bot.spring.BookingDBEngineTest] from class [org.springframework.boot.test.context.SpringBootTestContextBootstrapper]
02:21:20.203 [Test worker] INFO org.springframework.boot.test.context.SpringBootTestContextBootstrapper - Neither @ContextConfiguration nor @ContextHierarchy found for test class [com.example.bot.spring.BookingDBEngineTest], using SpringBootContextLoader
02:21:20.208 [Test worker] DEBUG org.springframework.test.context.support.AbstractContextLoader - Did not detect default resource location for test class [com.example.bot.spring.BookingDBEngineTest]: class path resource [com/example/bot/spring/BookingDBEngineTest-context.xml] does not exist
02:21:20.208 [Test worker] DEBUG org.springframework.test.context.support.AbstractContextLoader - Did not detect default resource location for test class [com.example.bot.spring.BookingDBEngineTest]: class path resource [com/example/bot/spring/BookingDBEngineTestContext.groovy] does not exist
02:21:20.209 [Test worker] INFO org.springframework.test.context.support.AbstractContextLoader - Could not detect default resource locations for test class [com.example.bot.spring.BookingDBEngineTest]: no resource found for suffixes {-context.xml, Context.groovy}.
02:21:20.262 [Test worker] DEBUG org.springframework.test.context.support.ActiveProfilesUtils - Could not find an 'annotation declaring class' for annotation type [org.springframework.test.context.ActiveProfiles] and class [com.example.bot.spring.BookingDBEngineTest]
02:21:20.268 [Test worker] DEBUG org.springframework.boot.test.context.SpringBootTestContextBootstrapper - @TestExecutionListeners is not present for class [com.example.bot.spring.BookingDBEngineTest]: using defaults.
02:21:20.273 [Test worker] INFO org.springframework.boot.test.context.SpringBootTestContextBootstrapper - Loaded default TestExecutionListener class names from location [META-INF/spring.factories]: [org.springframework.boot.test.mock.mockito.MockitoTestExecutionListener, org.springframework.boot.test.mock.mockito.ResetMocksTestExecutionListener, org.springframework.boot.test.autoconfigure.restdocs.RestDocsTestExecutionListener, org.springframework.boot.test.autoconfigure.web.client.MockRestServiceServerResetTestExecutionListener, org.springframework.boot.test.autoconfigure.web.servlet.MockMvcPrintOnlyOnFailureTestExecutionListener, org.springframework.boot.test.autoconfigure.web.servlet.WebDriverTestExecutionListener, org.springframework.test.context.web.ServletTestExecutionListener, org.springframework.test.context.support.DirtiesContextBeforeModesTestExecutionListener, org.springframework.test.context.support.DependencyInjectionTestExecutionListener, org.springframework.test.context.support.DirtiesContextTestExecutionListener, org.springframework.test.context.transaction.TransactionalTestExecutionListener, org.springframework.test.context.jdbc.SqlScriptsTestExecutionListener]
02:21:20.295 [Test worker] INFO org.springframework.boot.test.context.SpringBootTestContextBootstrapper - Could not instantiate TestExecutionListener [org.springframework.test.context.transaction.TransactionalTestExecutionListener]. Specify custom listener classes or make the default listener classes (and their required dependencies) available. Offending class: [org/springframework/transaction/interceptor/TransactionAttributeSource]
02:21:20.296 [Test worker] INFO org.springframework.boot.test.context.SpringBootTestContextBootstrapper - Could not instantiate TestExecutionListener [org.springframework.test.context.jdbc.SqlScriptsTestExecutionListener]. Specify custom listener classes or make the default listener classes (and their required dependencies) available. Offending class: [org/springframework/transaction/interceptor/TransactionAttribute]
02:21:20.296 [Test worker] INFO org.springframework.boot.test.context.SpringBootTestContextBootstrapper - Using TestExecutionListeners: [org.springframework.test.context.web.ServletTestExecutionListener@7912a20e, org.springframework.test.context.support.DirtiesContextBeforeModesTestExecutionListener@364d4ce0, org.springframework.boot.test.autoconfigure.SpringBootDependencyInjectionTestExecutionListener@b2a9adf, org.springframework.test.context.support.DirtiesContextTestExecutionListener@65f53dd2, org.springframework.boot.test.mock.mockito.ResetMocksTestExecutionListener@91be1b0, org.springframework.boot.test.mock.mockito.MockitoTestExecutionListener@556d963f, org.springframework.boot.test.autoconfigure.web.client.MockRestServiceServerResetTestExecutionListener@ace122f, org.springframework.boot.test.autoconfigure.web.servlet.MockMvcPrintOnlyOnFailureTestExecutionListener@4619b509, org.springframework.boot.test.autoconfigure.restdocs.RestDocsTestExecutionListener@1059ca1b, org.springframework.boot.test.autoconfigure.web.servlet.WebDriverTestExecutionListener@293c7a41]
02:21:20.300 [Test worker] DEBUG org.springframework.test.annotation.ProfileValueUtils - Retrieved @ProfileValueSourceConfiguration [null] for test class [com.example.bot.spring.BookingDBEngineTest]
02:21:20.301 [Test worker] DEBUG org.springframework.test.annotation.ProfileValueUtils - Retrieved ProfileValueSource type [class org.springframework.test.annotation.SystemProfileValueSource] for class [com.example.bot.spring.BookingDBEngineTest]
02:21:20.302 [Test worker] DEBUG org.springframework.test.annotation.ProfileValueUtils - Retrieved @ProfileValueSourceConfiguration [null] for test class [com.example.bot.spring.BookingDBEngineTest]
02:21:20.302 [Test worker] DEBUG org.springframework.test.annotation.ProfileValueUtils - Retrieved ProfileValueSource type [class org.springframework.test.annotation.SystemProfileValueSource] for class [com.example.bot.spring.BookingDBEngineTest]
02:21:20.310 [Test worker] DEBUG org.springframework.test.context.support.AbstractDirtiesContextTestExecutionListener - Before test class: context [DefaultTestContext@686948bd testClass = BookingDBEngineTest, testInstance = [null], testMethod = [null], testException = [null], mergedContextConfiguration = [WebMergedContextConfiguration@3f2eed87 testClass = BookingDBEngineTest, locations = '{}', classes = '{class com.example.bot.spring.BookingDBEngineTest, class com.example.bot.spring.database.BookingDBEngine, class com.example.bot.spring.BookingDBEngineTest, class com.example.bot.spring.database.BookingDBEngine}', contextInitializerClasses = '[]', activeProfiles = '{}', propertySourceLocations = '{}', propertySourceProperties = '{org.springframework.boot.test.context.SpringBootTestContextBootstrapper=true}', contextCustomizers = set[org.springframework.boot.test.context.SpringBootTestContextCustomizer@351b7074, org.springframework.boot.test.context.filter.ExcludeFilterContextCustomizer@f237e9c, org.springframework.boot.test.mock.mockito.MockitoContextCustomizer@0, org.springframework.boot.test.autoconfigure.properties.PropertyMappingContextCustomizer@0, org.springframework.boot.test.autoconfigure.web.servlet.WebDriverContextCustomizerFactory$Customizer@55c041af], resourceBasePath = 'src/main/webapp', contextLoader = 'org.springframework.boot.test.context.SpringBootContextLoader', parent = [null]]], class annotated with @DirtiesContext [false] with mode [null].
02:21:20.311 [Test worker] DEBUG org.springframework.test.annotation.ProfileValueUtils - Retrieved @ProfileValueSourceConfiguration [null] for test class [com.example.bot.spring.BookingDBEngineTest]
02:21:20.312 [Test worker] DEBUG org.springframework.test.annotation.ProfileValueUtils - Retrieved ProfileValueSource type [class org.springframework.test.annotation.SystemProfileValueSource] for class [com.example.bot.spring.BookingDBEngineTest]
02:21:20.428 [Test worker] DEBUG org.springframework.core.env.StandardEnvironment - Adding [systemProperties] PropertySource with lowest search precedence
02:21:20.428 [Test worker] DEBUG org.springframework.core.env.StandardEnvironment - Adding [systemEnvironment] PropertySource with lowest search precedence
02:21:20.428 [Test worker] DEBUG org.springframework.core.env.StandardEnvironment - Initialized StandardEnvironment with PropertySources [systemProperties,systemEnvironment]
02:21:20.430 [Test worker] DEBUG org.springframework.test.context.support.TestPropertySourceUtils - Adding inlined properties to environment: {spring.jmx.enabled=false, org.springframework.boot.test.context.SpringBootTestContextBootstrapper=true, server.port=-1}
02:21:20.430 [Test worker] DEBUG org.springframework.core.env.StandardEnvironment - Adding [Inlined Test Properties] PropertySource with highest search precedence

  .   ____          _            __ _ _
 /\\ / ___'_ __ _ _(_)_ __  __ _ \ \ \ \
( ( )\___ | '_ | '_| | '_ \/ _` | \ \ \ \
 \\/  ___)| |_)| | | | | || (_| |  ) ) ) )
  '  |____| .__|_| |_|_| |_\__, | / / / /
 =========|_|==============|___/=/_/_/_/
 :: Spring Boot ::        (v1.4.2.RELEASE)

2017-11-20 02:21:31.230  INFO 9902 --- [    Test worker] c.e.bot.spring.BookingDBEngineTest       : Starting BookingDBEngineTest on songjiuwus-MacBook-Pro.local with PID 9902 (started by jsongaf in /Users/jsongaf/Documents/GitHub/Line-chatbot-for-COMP3111/sample-spring-boot-kitchensink)
2017-11-20 02:21:31.232  INFO 9902 --- [    Test worker] c.e.bot.spring.BookingDBEngineTest       : No active profile set, falling back to default profiles: default
2017-11-20 02:21:31.599  INFO 9902 --- [    Test worker] o.s.w.c.s.GenericWebApplicationContext   : Refreshing org.springframework.web.context.support.GenericWebApplicationContext@1112a68d: startup date [Mon Nov 20 02:21:31 HKT 2017]; root of context hierarchy
2017-11-20 02:21:31.840  INFO 9902 --- [    Test worker] c.e.bot.spring.BookingDBEngineTest       : Started BookingDBEngineTest in 11.394 seconds (JVM running for 17.763)
]]></system-out>
  <system-err><![CDATA[]]></system-err>
</testsuite>
